Performing C SOURCE FILE Test CMAKE_HAVE_LIBC_PTHREAD failed with the following output:
Change Dir: /home/robot/SLAM/orb_slam3_pcl_mapping/ORB_SLAM3/build/CMakeFiles/CMakeTmp

Run Build Command(s):/usr/bin/make cmTC_6fab8/fast && /usr/bin/make -f CMakeFiles/cmTC_6fab8.dir/build.make CMakeFiles/cmTC_6fab8.dir/build
make[1]: 进入目录“/home/robot/SLAM/orb_slam3_pcl_mapping/ORB_SLAM3/build/CMakeFiles/CMakeTmp”
Building C object CMakeFiles/cmTC_6fab8.dir/src.c.o
/usr/bin/cc   -Wall   -O3 -DCMAKE_HAVE_LIBC_PTHREAD   -o CMakeFiles/cmTC_6fab8.dir/src.c.o   -c /home/robot/SLAM/orb_slam3_pcl_mapping/ORB_SLAM3/build/CMakeFiles/CMakeTmp/src.c
Linking C executable cmTC_6fab8
/usr/bin/cmake -E cmake_link_script CMakeFiles/cmTC_6fab8.dir/link.txt --verbose=1
/usr/bin/cc   -Wall   -O3 -DCMAKE_HAVE_LIBC_PTHREAD    -rdynamic CMakeFiles/cmTC_6fab8.dir/src.c.o  -o cmTC_6fab8 
/usr/bin/ld: CMakeFiles/cmTC_6fab8.dir/src.c.o: in function `main':
src.c:(.text.startup+0x29): undefined reference to `pthread_create'
/usr/bin/ld: src.c:(.text.startup+0x32): undefined reference to `pthread_detach'
/usr/bin/ld: src.c:(.text.startup+0x3d): undefined reference to `pthread_join'
collect2: error: ld returned 1 exit status
make[1]: *** [CMakeFiles/cmTC_6fab8.dir/build.make:87：cmTC_6fab8] 错误 1
make[1]: 离开目录“/home/robot/SLAM/orb_slam3_pcl_mapping/ORB_SLAM3/build/CMakeFiles/CMakeTmp”
make: *** [Makefile:121：cmTC_6fab8/fast] 错误 2


Source file was:
#include <pthread.h>

void* test_func(void* data)
{
  return data;
}

int main(void)
{
  pthread_t thread;
  pthread_create(&thread, NULL, test_func, NULL);
  pthread_detach(thread);
  pthread_join(thread, NULL);
  pthread_atfork(NULL, NULL, NULL);
  pthread_exit(NULL);

  return 0;
}

Determining if the function pthread_create exists in the pthreads failed with the following output:
Change Dir: /home/robot/SLAM/orb_slam3_pcl_mapping/ORB_SLAM3/build/CMakeFiles/CMakeTmp

Run Build Command(s):/usr/bin/make cmTC_a870e/fast && /usr/bin/make -f CMakeFiles/cmTC_a870e.dir/build.make CMakeFiles/cmTC_a870e.dir/build
make[1]: 进入目录“/home/robot/SLAM/orb_slam3_pcl_mapping/ORB_SLAM3/build/CMakeFiles/CMakeTmp”
Building C object CMakeFiles/cmTC_a870e.dir/CheckFunctionExists.c.o
/usr/bin/cc   -Wall   -O3 -DCHECK_FUNCTION_EXISTS=pthread_create   -o CMakeFiles/cmTC_a870e.dir/CheckFunctionExists.c.o   -c /usr/share/cmake-3.16/Modules/CheckFunctionExists.c
Linking C executable cmTC_a870e
/usr/bin/cmake -E cmake_link_script CMakeFiles/cmTC_a870e.dir/link.txt --verbose=1
/usr/bin/cc   -Wall   -O3 -DCHECK_FUNCTION_EXISTS=pthread_create    -rdynamic CMakeFiles/cmTC_a870e.dir/CheckFunctionExists.c.o  -o cmTC_a870e  -lpthreads 
/usr/bin/ld: 找不到 -lpthreads
collect2: error: ld returned 1 exit status
make[1]: *** [CMakeFiles/cmTC_a870e.dir/build.make:87：cmTC_a870e] 错误 1
make[1]: 离开目录“/home/robot/SLAM/orb_slam3_pcl_mapping/ORB_SLAM3/build/CMakeFiles/CMakeTmp”
make: *** [Makefile:121：cmTC_a870e/fast] 错误 2



